# JRE version: Java(TM) SE Runtime Environment (8.0_91-b14) (build 1.8.0_91-b14)
# Java VM: Java HotSpot(TM) 64-Bit Server VM (25.91-b14 mixed mode linux-amd64 compressed oops)
Heap:
 PSYoungGen      total 101888K, used 3552K [0x00000000e1500000, 0x00000000e7c00000, 0x0000000100000000)
  eden space 98304K, 0% used [0x00000000e1500000,0x00000000e1500000,0x00000000e7500000)
  from space 3584K, 99% used [0x00000000e7500000,0x00000000e7878020,0x00000000e7880000)
  to   space 3584K, 0% used [0x00000000e7880000,0x00000000e7880000,0x00000000e7c00000)
 ParOldGen       total 64512K, used 24587K [0x00000000a3e00000, 0x00000000a7d00000, 0x00000000e1500000)
  object space 64512K, 38% used [0x00000000a3e00000,0x00000000a5602ed0,0x00000000a7d00000)
 Metaspace       used 19043K, capacity 19618K, committed 19968K, reserved 1067008K
  class space    used 2288K, capacity 2439K, committed 2560K, reserved 1048576K
GC Heap History (9 events):
Event: 1,093 GC heap before
{Heap before GC invocations=1 (full 0):
 PSYoungGen      total 28160K, used 24576K [0x00000000e1500000, 0x00000000e3400000, 0x0000000100000000)
  eden space 24576K, 100% used [0x00000000e1500000,0x00000000e2d00000,0x00000000e2d00000)
  from space 3584K, 0% used [0x00000000e3080000,0x00000000e3080000,0x00000000e3400000)
  to   space 3584K, 0% used [0x00000000e2d00000,0x00000000e2d00000,0x00000000e3080000)
 ParOldGen       total 64512K, used 0K [0x00000000a3e00000, 0x00000000a7d00000, 0x00000000e1500000)
  object space 64512K, 0% used [0x00000000a3e00000,0x00000000a3e00000,0x00000000a7d00000)
 Metaspace       used 6912K, capacity 7112K, committed 7424K, reserved 1056768K
  class space    used 860K, capacity 924K, committed 1024K, reserved 1048576K
Event: 1,105 GC heap after
Heap after GC invocations=1 (full 0):
 PSYoungGen      total 28160K, used 3574K [0x00000000e1500000, 0x00000000e4c00000, 0x0000000100000000)
  eden space 24576K, 0% used [0x00000000e1500000,0x00000000e1500000,0x00000000e2d00000)
  from space 3584K, 99% used [0x00000000e2d00000,0x00000000e307da18,0x00000000e3080000)
  to   space 3584K, 0% used [0x00000000e4880000,0x00000000e4880000,0x00000000e4c00000)
 ParOldGen       total 64512K, used 208K [0x00000000a3e00000, 0x00000000a7d00000, 0x00000000e1500000)
  object space 64512K, 0% used [0x00000000a3e00000,0x00000000a3e342e8,0x00000000a7d00000)
 Metaspace       used 6912K, capacity 7112K, committed 7424K, reserved 1056768K
  class space    used 860K, capacity 924K, committed 1024K, reserved 1048576K
}
Event: 1,441 GC heap before
{Heap before GC invocations=2 (full 0):
 PSYoungGen      total 28160K, used 28150K [0x00000000e1500000, 0x00000000e4c00000, 0x0000000100000000)
  eden space 24576K, 100% used [0x00000000e1500000,0x00000000e2d00000,0x00000000e2d00000)
  from space 3584K, 99% used [0x00000000e2d00000,0x00000000e307da18,0x00000000e3080000)
  to   space 3584K, 0% used [0x00000000e4880000,0x00000000e4880000,0x00000000e4c00000)
 ParOldGen       total 64512K, used 208K [0x00000000a3e00000, 0x00000000a7d00000, 0x00000000e1500000)
  object space 64512K, 0% used [0x00000000a3e00000,0x00000000a3e342e8,0x00000000a7d00000)
 Metaspace       used 9715K, capacity 9960K, committed 10112K, reserved 1058816K
  class space    used 1241K, capacity 1313K, committed 1408K, reserved 1048576K
Event: 1,450 GC heap after
Heap after GC invocations=2 (full 0):
 PSYoungGen      total 52736K, used 3568K [0x00000000e1500000, 0x00000000e4c00000, 0x0000000100000000)
  eden space 49152K, 0% used [0x00000000e1500000,0x00000000e1500000,0x00000000e4500000)
  from space 3584K, 99% used [0x00000000e4880000,0x00000000e4bfc1b8,0x00000000e4c00000)
  to   space 3584K, 0% used [0x00000000e4500000,0x00000000e4500000,0x00000000e4880000)
 ParOldGen       total 64512K, used 1384K [0x00000000a3e00000, 0x00000000a7d00000, 0x00000000e1500000)
  object space 64512K, 2% used [0x00000000a3e00000,0x00000000a3f5a318,0x00000000a7d00000)
 Metaspace       used 9715K, capacity 9960K, committed 10112K, reserved 1058816K
  class space    used 1241K, capacity 1313K, committed 1408K, reserved 1048576K
}
Event: 2,449 GC heap before
{Heap before GC invocations=3 (full 0):
 PSYoungGen      total 52736K, used 52720K [0x00000000e1500000, 0x00000000e4c00000, 0x0000000100000000)
  eden space 49152K, 100% used [0x00000000e1500000,0x00000000e4500000,0x00000000e4500000)
  from space 3584K, 99% used [0x00000000e4880000,0x00000000e4bfc1b8,0x00000000e4c00000)
  to   space 3584K, 0% used [0x00000000e4500000,0x00000000e4500000,0x00000000e4880000)
 ParOldGen       total 64512K, used 1384K [0x00000000a3e00000, 0x00000000a7d00000, 0x00000000e1500000)
  object space 64512K, 2% used [0x00000000a3e00000,0x00000000a3f5a318,0x00000000a7d00000)
 Metaspace       used 13430K, capacity 13870K, committed 14080K, reserved 1060864K
  class space    used 1628K, capacity 1735K, committed 1792K, reserved 1048576K
Event: 2,462 GC heap after
Heap after GC invocations=3 (full 0):
 PSYoungGen      total 52736K, used 3584K [0x00000000e1500000, 0x00000000e7c00000, 0x0000000100000000)
  eden space 49152K, 0% used [0x00000000e1500000,0x00000000e1500000,0x00000000e4500000)
  from space 3584K, 100% used [0x00000000e4500000,0x00000000e4880000,0x00000000e4880000)
  to   space 3584K, 0% used [0x00000000e7880000,0x00000000e7880000,0x00000000e7c00000)
 ParOldGen       total 64512K, used 4891K [0x00000000a3e00000, 0x00000000a7d00000, 0x00000000e1500000)
  object space 64512K, 7% used [0x00000000a3e00000,0x00000000a42c6de0,0x00000000a7d00000)
 Metaspace       used 13430K, capacity 13870K, committed 14080K, reserved 1060864K
  class space    used 1628K, capacity 1735K, committed 1792K, reserved 1048576K
}
Event: 5,430 GC heap before
{Heap before GC invocations=4 (full 0):
 PSYoungGen      total 52736K, used 52736K [0x00000000e1500000, 0x00000000e7c00000, 0x0000000100000000)
  eden space 49152K, 100% used [0x00000000e1500000,0x00000000e4500000,0x00000000e4500000)
  from space 3584K, 100% used [0x00000000e4500000,0x00000000e4880000,0x00000000e4880000)
  to   space 3584K, 0% used [0x00000000e7880000,0x00000000e7880000,0x00000000e7c00000)
 ParOldGen       total 64512K, used 4891K [0x00000000a3e00000, 0x00000000a7d00000, 0x00000000e1500000)
  object space 64512K, 7% used [0x00000000a3e00000,0x00000000a42c6de0,0x00000000a7d00000)
 Metaspace       used 14425K, capacity 14910K, committed 15232K, reserved 1062912K
  class space    used 1725K, capacity 1847K, committed 1920K, reserved 1048576K
Event: 5,438 GC heap after
Heap after GC invocations=4 (full 0):
 PSYoungGen      total 101888K, used 3584K [0x00000000e1500000, 0x00000000e7c00000, 0x0000000100000000)
  eden space 98304K, 0% used [0x00000000e1500000,0x00000000e1500000,0x00000000e7500000)
  from space 3584K, 100% used [0x00000000e7880000,0x00000000e7c00000,0x00000000e7c00000)
  to   space 3584K, 0% used [0x00000000e7500000,0x00000000e7500000,0x00000000e7880000)
 ParOldGen       total 64512K, used 7400K [0x00000000a3e00000, 0x00000000a7d00000, 0x00000000e1500000)
  object space 64512K, 11% used [0x00000000a3e00000,0x00000000a453a160,0x00000000a7d00000)
 Metaspace       used 14425K, capacity 14910K, committed 15232K, reserved 1062912K
  class space    used 1725K, capacity 1847K, committed 1920K, reserved 1048576K
}
Event: 34,533 GC heap before
{Heap before GC invocations=5 (full 0):
 PSYoungGen      total 101888K, used 101888K [0x00000000e1500000, 0x00000000e7c00000, 0x0000000100000000)
  eden space 98304K, 100% used [0x00000000e1500000,0x00000000e7500000,0x00000000e7500000)
  from space 3584K, 100% used [0x00000000e7880000,0x00000000e7c00000,0x00000000e7c00000)
  to   space 3584K, 0% used [0x00000000e7500000,0x00000000e7500000,0x00000000e7880000)
 ParOldGen       total 64512K, used 7400K [0x00000000a3e00000, 0x00000000a7d00000, 0x00000000e1500000)
  object space 64512K, 11% used [0x00000000a3e00000,0x00000000a453a160,0x00000000a7d00000)
 Metaspace       used 19043K, capacity 19618K, committed 19968K, reserved 1067008K
  class space    used 2288K, capacity 2439K, committed 2560K, reserved 1048576K

