# JRE version: Java(TM) SE Runtime Environment (8.0_91-b14) (build 1.8.0_91-b14)
# Java VM: Java HotSpot(TM) 64-Bit Server VM (25.91-b14 mixed mode linux-amd64 compressed oops)
Heap:
 PSYoungGen      total 118784K, used 9709K [0x00000000dc900000, 0x00000000e4800000, 0x0000000100000000)
  eden space 109056K, 0% used [0x00000000dc900000,0x00000000dc900000,0x00000000e3380000)
  from space 9728K, 99% used [0x00000000e3380000,0x00000000e3cfb570,0x00000000e3d00000)
  to   space 8192K, 0% used [0x00000000e3d00000,0x00000000e3d00000,0x00000000e4500000)
 ParOldGen       total 73728K, used 22350K [0x0000000095a00000, 0x000000009a200000, 0x00000000dc900000)
  object space 73728K, 30% used [0x0000000095a00000,0x0000000096fd3a80,0x000000009a200000)
 Metaspace       used 20656K, capacity 21218K, committed 21296K, reserved 1069056K
  class space    used 2421K, capacity 2567K, committed 2608K, reserved 1048576K
GC Heap History (10 events):
Event: 2,200 GC heap after
Heap after GC invocations=2 (full 0):
 PSYoungGen      total 32256K, used 4596K [0x00000000dc900000, 0x00000000e0800000, 0x0000000100000000)
  eden space 27648K, 0% used [0x00000000dc900000,0x00000000dc900000,0x00000000de400000)
  from space 4608K, 99% used [0x00000000de880000,0x00000000decfd128,0x00000000ded00000)
  to   space 4608K, 0% used [0x00000000de400000,0x00000000de400000,0x00000000de880000)
 ParOldGen       total 73728K, used 1112K [0x0000000095a00000, 0x000000009a200000, 0x00000000dc900000)
  object space 73728K, 1% used [0x0000000095a00000,0x0000000095b16258,0x000000009a200000)
 Metaspace       used 11658K, capacity 11968K, committed 12416K, reserved 1060864K
  class space    used 1459K, capacity 1555K, committed 1664K, reserved 1048576K
}
Event: 3,106 GC heap before
{Heap before GC invocations=3 (full 0):
 PSYoungGen      total 32256K, used 32244K [0x00000000dc900000, 0x00000000e0800000, 0x0000000100000000)
  eden space 27648K, 100% used [0x00000000dc900000,0x00000000de400000,0x00000000de400000)
  from space 4608K, 99% used [0x00000000de880000,0x00000000decfd128,0x00000000ded00000)
  to   space 4608K, 0% used [0x00000000de400000,0x00000000de400000,0x00000000de880000)
 ParOldGen       total 73728K, used 1112K [0x0000000095a00000, 0x000000009a200000, 0x00000000dc900000)
  object space 73728K, 1% used [0x0000000095a00000,0x0000000095b16258,0x000000009a200000)
 Metaspace       used 13336K, capacity 13718K, committed 14080K, reserved 1060864K
  class space    used 1619K, capacity 1731K, committed 1792K, reserved 1048576K
Event: 3,125 GC heap after
Heap after GC invocations=3 (full 0):
 PSYoungGen      total 32256K, used 4592K [0x00000000dc900000, 0x00000000e0800000, 0x0000000100000000)
  eden space 27648K, 0% used [0x00000000dc900000,0x00000000dc900000,0x00000000de400000)
  from space 4608K, 99% used [0x00000000de400000,0x00000000de87c010,0x00000000de880000)
  to   space 4608K, 0% used [0x00000000e0380000,0x00000000e0380000,0x00000000e0800000)
 ParOldGen       total 73728K, used 2623K [0x0000000095a00000, 0x000000009a200000, 0x00000000dc900000)
  object space 73728K, 3% used [0x0000000095a00000,0x0000000095c8fcc8,0x000000009a200000)
 Metaspace       used 13336K, capacity 13718K, committed 14080K, reserved 1060864K
  class space    used 1619K, capacity 1731K, committed 1792K, reserved 1048576K
}
Event: 3,576 GC heap before
{Heap before GC invocations=4 (full 0):
 PSYoungGen      total 32256K, used 32240K [0x00000000dc900000, 0x00000000e0800000, 0x0000000100000000)
  eden space 27648K, 100% used [0x00000000dc900000,0x00000000de400000,0x00000000de400000)
  from space 4608K, 99% used [0x00000000de400000,0x00000000de87c010,0x00000000de880000)
  to   space 4608K, 0% used [0x00000000e0380000,0x00000000e0380000,0x00000000e0800000)
 ParOldGen       total 73728K, used 2623K [0x0000000095a00000, 0x000000009a200000, 0x00000000dc900000)
  object space 73728K, 3% used [0x0000000095a00000,0x0000000095c8fcc8,0x000000009a200000)
 Metaspace       used 13626K, capacity 13998K, committed 14336K, reserved 1062912K
  class space    used 1643K, capacity 1735K, committed 1792K, reserved 1048576K
Event: 3,585 GC heap after
Heap after GC invocations=4 (full 0):
 PSYoungGen      total 59904K, used 4576K [0x00000000dc900000, 0x00000000e0800000, 0x0000000100000000)
  eden space 55296K, 0% used [0x00000000dc900000,0x00000000dc900000,0x00000000dff00000)
  from space 4608K, 99% used [0x00000000e0380000,0x00000000e07f8020,0x00000000e0800000)
  to   space 4608K, 0% used [0x00000000dff00000,0x00000000dff00000,0x00000000e0380000)
 ParOldGen       total 73728K, used 3734K [0x0000000095a00000, 0x000000009a200000, 0x00000000dc900000)
  object space 73728K, 5% used [0x0000000095a00000,0x0000000095da5938,0x000000009a200000)
 Metaspace       used 13626K, capacity 13998K, committed 14336K, reserved 1062912K
  class space    used 1643K, capacity 1735K, committed 1792K, reserved 1048576K
}
Event: 4,960 GC heap before
{Heap before GC invocations=5 (full 0):
 PSYoungGen      total 59904K, used 59872K [0x00000000dc900000, 0x00000000e0800000, 0x0000000100000000)
  eden space 55296K, 100% used [0x00000000dc900000,0x00000000dff00000,0x00000000dff00000)
  from space 4608K, 99% used [0x00000000e0380000,0x00000000e07f8020,0x00000000e0800000)
  to   space 4608K, 0% used [0x00000000dff00000,0x00000000dff00000,0x00000000e0380000)
 ParOldGen       total 73728K, used 3734K [0x0000000095a00000, 0x000000009a200000, 0x00000000dc900000)
  object space 73728K, 5% used [0x0000000095a00000,0x0000000095da5938,0x000000009a200000)
 Metaspace       used 14825K, capacity 15342K, committed 15488K, reserved 1062912K
  class space    used 1752K, capacity 1887K, committed 1920K, reserved 1048576K
Event: 5,069 GC heap after
Heap after GC invocations=5 (full 0):
 PSYoungGen      total 59904K, used 4592K [0x00000000dc900000, 0x00000000e4500000, 0x0000000100000000)
  eden space 55296K, 0% used [0x00000000dc900000,0x00000000dc900000,0x00000000dff00000)
  from space 4608K, 99% used [0x00000000dff00000,0x00000000e037c010,0x00000000e0380000)
  to   space 8192K, 0% used [0x00000000e3d00000,0x00000000e3d00000,0x00000000e4500000)
 ParOldGen       total 73728K, used 6618K [0x0000000095a00000, 0x000000009a200000, 0x00000000dc900000)
  object space 73728K, 8% used [0x0000000095a00000,0x0000000096076aa0,0x000000009a200000)
 Metaspace       used 14825K, capacity 15342K, committed 15488K, reserved 1062912K
  class space    used 1752K, capacity 1887K, committed 1920K, reserved 1048576K
}
Event: 5,739 GC heap before
{Heap before GC invocations=6 (full 0):
 PSYoungGen      total 59904K, used 59888K [0x00000000dc900000, 0x00000000e4500000, 0x0000000100000000)
  eden space 55296K, 100% used [0x00000000dc900000,0x00000000dff00000,0x00000000dff00000)
  from space 4608K, 99% used [0x00000000dff00000,0x00000000e037c010,0x00000000e0380000)
  to   space 8192K, 0% used [0x00000000e3d00000,0x00000000e3d00000,0x00000000e4500000)
 ParOldGen       total 73728K, used 6618K [0x0000000095a00000, 0x000000009a200000, 0x00000000dc900000)
  object space 73728K, 8% used [0x0000000095a00000,0x0000000096076aa0,0x000000009a200000)
 Metaspace       used 18457K, capacity 19010K, committed 19072K, reserved 1067008K
  class space    used 2257K, capacity 2407K, committed 2432K, reserved 1048576K
Event: 5,763 GC heap after
Heap after GC invocations=6 (full 0):
 PSYoungGen      total 117248K, used 8169K [0x00000000dc900000, 0x00000000e4800000, 0x0000000100000000)
  eden space 109056K, 0% used [0x00000000dc900000,0x00000000dc900000,0x00000000e3380000)
  from space 8192K, 99% used [0x00000000e3d00000,0x00000000e44fa5d8,0x00000000e4500000)
  to   space 9728K, 0% used [0x00000000e3380000,0x00000000e3380000,0x00000000e3d00000)
 ParOldGen       total 73728K, used 7408K [0x0000000095a00000, 0x000000009a200000, 0x00000000dc900000)
  object space 73728K, 10% used [0x0000000095a00000,0x000000009613c130,0x000000009a200000)
 Metaspace       used 18457K, capacity 19010K, committed 19072K, reserved 1067008K
  class space    used 2257K, capacity 2407K, committed 2432K, reserved 1048576K
}
Event: 8,086 GC heap before
{Heap before GC invocations=7 (full 0):
 PSYoungGen      total 117248K, used 90829K [0x00000000dc900000, 0x00000000e4800000, 0x0000000100000000)
  eden space 109056K, 75% used [0x00000000dc900000,0x00000000e19b8f00,0x00000000e3380000)
  from space 8192K, 99% used [0x00000000e3d00000,0x00000000e44fa5d8,0x00000000e4500000)
  to   space 9728K, 0% used [0x00000000e3380000,0x00000000e3380000,0x00000000e3d00000)
 ParOldGen       total 73728K, used 7408K [0x0000000095a00000, 0x000000009a200000, 0x00000000dc900000)
  object space 73728K, 10% used [0x0000000095a00000,0x000000009613c130,0x000000009a200000)
 Metaspace       used 20656K, capacity 21218K, committed 21296K, reserved 1069056K
  class space    used 2421K, capacity 2567K, committed 2608K, reserved 1048576K

