# JRE version: Java(TM) SE Runtime Environment (8.0_91-b14) (build 1.8.0_91-b14)
# Java VM: Java HotSpot(TM) 64-Bit Server VM (25.91-b14 mixed mode linux-amd64 compressed oops)
Heap:
 PSYoungGen      total 131584K, used 13296K [0x00000000d9380000, 0x00000000e2580000, 0x0000000100000000)
  eden space 118272K, 0% used [0x00000000d9380000,0x00000000d9380000,0x00000000e0700000)
  from space 13312K, 99% used [0x00000000e0700000,0x00000000e13fc318,0x00000000e1400000)
  to   space 8704K, 0% used [0x00000000e1400000,0x00000000e1400000,0x00000000e1c80000)
 ParOldGen       total 80896K, used 22788K [0x000000008ba00000, 0x0000000090900000, 0x00000000d9380000)
  object space 80896K, 28% used [0x000000008ba00000,0x000000008d041238,0x0000000090900000)
 Metaspace       used 20592K, capacity 21102K, committed 21296K, reserved 1069056K
  class space    used 2429K, capacity 2569K, committed 2688K, reserved 1048576K
GC Heap History (10 events):
Event: 3,209 GC heap after
Heap after GC invocations=2 (full 0):
 PSYoungGen      total 35328K, used 4583K [0x00000000d9380000, 0x00000000dd880000, 0x0000000100000000)
  eden space 30720K, 0% used [0x00000000d9380000,0x00000000d9380000,0x00000000db180000)
  from space 4608K, 99% used [0x00000000db600000,0x00000000dba79cd8,0x00000000dba80000)
  to   space 4608K, 0% used [0x00000000db180000,0x00000000db180000,0x00000000db600000)
 ParOldGen       total 80896K, used 2056K [0x000000008ba00000, 0x0000000090900000, 0x00000000d9380000)
  object space 80896K, 2% used [0x000000008ba00000,0x000000008bc021f8,0x0000000090900000)
 Metaspace       used 12872K, capacity 13200K, committed 13568K, reserved 1060864K
  class space    used 1587K, capacity 1691K, committed 1792K, reserved 1048576K
}
Event: 3,933 GC heap before
{Heap before GC invocations=3 (full 0):
 PSYoungGen      total 35328K, used 35303K [0x00000000d9380000, 0x00000000dd880000, 0x0000000100000000)
  eden space 30720K, 100% used [0x00000000d9380000,0x00000000db180000,0x00000000db180000)
  from space 4608K, 99% used [0x00000000db600000,0x00000000dba79cd8,0x00000000dba80000)
  to   space 4608K, 0% used [0x00000000db180000,0x00000000db180000,0x00000000db600000)
 ParOldGen       total 80896K, used 2056K [0x000000008ba00000, 0x0000000090900000, 0x00000000d9380000)
  object space 80896K, 2% used [0x000000008ba00000,0x000000008bc021f8,0x0000000090900000)
 Metaspace       used 13370K, capacity 13698K, committed 14080K, reserved 1060864K
  class space    used 1621K, capacity 1701K, committed 1792K, reserved 1048576K
Event: 3,939 GC heap after
Heap after GC invocations=3 (full 0):
 PSYoungGen      total 35328K, used 4576K [0x00000000d9380000, 0x00000000dd880000, 0x0000000100000000)
  eden space 30720K, 0% used [0x00000000d9380000,0x00000000d9380000,0x00000000db180000)
  from space 4608K, 99% used [0x00000000db180000,0x00000000db5f8020,0x00000000db600000)
  to   space 4608K, 0% used [0x00000000dd400000,0x00000000dd400000,0x00000000dd880000)
 ParOldGen       total 80896K, used 3250K [0x000000008ba00000, 0x0000000090900000, 0x00000000d9380000)
  object space 80896K, 4% used [0x000000008ba00000,0x000000008bd2c9e0,0x0000000090900000)
 Metaspace       used 13370K, capacity 13698K, committed 14080K, reserved 1060864K
  class space    used 1621K, capacity 1701K, committed 1792K, reserved 1048576K
}
Event: 4,996 GC heap before
{Heap before GC invocations=4 (full 0):
 PSYoungGen      total 35328K, used 35296K [0x00000000d9380000, 0x00000000dd880000, 0x0000000100000000)
  eden space 30720K, 100% used [0x00000000d9380000,0x00000000db180000,0x00000000db180000)
  from space 4608K, 99% used [0x00000000db180000,0x00000000db5f8020,0x00000000db600000)
  to   space 4608K, 0% used [0x00000000dd400000,0x00000000dd400000,0x00000000dd880000)
 ParOldGen       total 80896K, used 3250K [0x000000008ba00000, 0x0000000090900000, 0x00000000d9380000)
  object space 80896K, 4% used [0x000000008ba00000,0x000000008bd2c9e0,0x0000000090900000)
 Metaspace       used 13977K, capacity 14418K, committed 14720K, reserved 1062912K
  class space    used 1694K, capacity 1809K, committed 1920K, reserved 1048576K
Event: 5,033 GC heap after
Heap after GC invocations=4 (full 0):
 PSYoungGen      total 66048K, used 4608K [0x00000000d9380000, 0x00000000dd880000, 0x0000000100000000)
  eden space 61440K, 0% used [0x00000000d9380000,0x00000000d9380000,0x00000000dcf80000)
  from space 4608K, 100% used [0x00000000dd400000,0x00000000dd880000,0x00000000dd880000)
  to   space 4608K, 0% used [0x00000000dcf80000,0x00000000dcf80000,0x00000000dd400000)
 ParOldGen       total 80896K, used 4818K [0x000000008ba00000, 0x0000000090900000, 0x00000000d9380000)
  object space 80896K, 5% used [0x000000008ba00000,0x000000008beb48f0,0x0000000090900000)
 Metaspace       used 13977K, capacity 14418K, committed 14720K, reserved 1062912K
  class space    used 1694K, capacity 1809K, committed 1920K, reserved 1048576K
}
Event: 8,536 GC heap before
{Heap before GC invocations=5 (full 0):
 PSYoungGen      total 66048K, used 66048K [0x00000000d9380000, 0x00000000dd880000, 0x0000000100000000)
  eden space 61440K, 100% used [0x00000000d9380000,0x00000000dcf80000,0x00000000dcf80000)
  from space 4608K, 100% used [0x00000000dd400000,0x00000000dd880000,0x00000000dd880000)
  to   space 4608K, 0% used [0x00000000dcf80000,0x00000000dcf80000,0x00000000dd400000)
 ParOldGen       total 80896K, used 4818K [0x000000008ba00000, 0x0000000090900000, 0x00000000d9380000)
  object space 80896K, 5% used [0x000000008ba00000,0x000000008beb48f0,0x0000000090900000)
 Metaspace       used 18397K, capacity 18958K, committed 19072K, reserved 1067008K
  class space    used 2248K, capacity 2409K, committed 2432K, reserved 1048576K
Event: 8,958 GC heap after
Heap after GC invocations=5 (full 0):
 PSYoungGen      total 66048K, used 4592K [0x00000000d9380000, 0x00000000e1c80000, 0x0000000100000000)
  eden space 61440K, 0% used [0x00000000d9380000,0x00000000d9380000,0x00000000dcf80000)
  from space 4608K, 99% used [0x00000000dcf80000,0x00000000dd3fc010,0x00000000dd400000)
  to   space 8704K, 0% used [0x00000000e1400000,0x00000000e1400000,0x00000000e1c80000)
 ParOldGen       total 80896K, used 8537K [0x000000008ba00000, 0x0000000090900000, 0x00000000d9380000)
  object space 80896K, 10% used [0x000000008ba00000,0x000000008c2567c0,0x0000000090900000)
 Metaspace       used 18397K, capacity 18958K, committed 19072K, reserved 1067008K
  class space    used 2248K, capacity 2409K, committed 2432K, reserved 1048576K
}
Event: 12,462 GC heap before
{Heap before GC invocations=6 (full 0):
 PSYoungGen      total 66048K, used 66032K [0x00000000d9380000, 0x00000000e1c80000, 0x0000000100000000)
  eden space 61440K, 100% used [0x00000000d9380000,0x00000000dcf80000,0x00000000dcf80000)
  from space 4608K, 99% used [0x00000000dcf80000,0x00000000dd3fc010,0x00000000dd400000)
  to   space 8704K, 0% used [0x00000000e1400000,0x00000000e1400000,0x00000000e1c80000)
 ParOldGen       total 80896K, used 8537K [0x000000008ba00000, 0x0000000090900000, 0x00000000d9380000)
  object space 80896K, 10% used [0x000000008ba00000,0x000000008c2567c0,0x0000000090900000)
 Metaspace       used 19028K, capacity 19566K, committed 19712K, reserved 1067008K
  class space    used 2285K, capacity 2441K, committed 2560K, reserved 1048576K
Event: 12,496 GC heap after
Heap after GC invocations=6 (full 0):
 PSYoungGen      total 126976K, used 8672K [0x00000000d9380000, 0x00000000e2580000, 0x0000000100000000)
  eden space 118272K, 0% used [0x00000000d9380000,0x00000000d9380000,0x00000000e0700000)
  from space 8704K, 99% used [0x00000000e1400000,0x00000000e1c78120,0x00000000e1c80000)
  to   space 13312K, 0% used [0x00000000e0700000,0x00000000e0700000,0x00000000e1400000)
 ParOldGen       total 80896K, used 15341K [0x000000008ba00000, 0x0000000090900000, 0x00000000d9380000)
  object space 80896K, 18% used [0x000000008ba00000,0x000000008c8fb748,0x0000000090900000)
 Metaspace       used 19028K, capacity 19566K, committed 19712K, reserved 1067008K
  class space    used 2285K, capacity 2441K, committed 2560K, reserved 1048576K
}
Event: 13,237 GC heap before
{Heap before GC invocations=7 (full 0):
 PSYoungGen      total 126976K, used 74752K [0x00000000d9380000, 0x00000000e2580000, 0x0000000100000000)
  eden space 118272K, 55% used [0x00000000d9380000,0x00000000dd408020,0x00000000e0700000)
  from space 8704K, 99% used [0x00000000e1400000,0x00000000e1c78120,0x00000000e1c80000)
  to   space 13312K, 0% used [0x00000000e0700000,0x00000000e0700000,0x00000000e1400000)
 ParOldGen       total 80896K, used 15341K [0x000000008ba00000, 0x0000000090900000, 0x00000000d9380000)
  object space 80896K, 18% used [0x000000008ba00000,0x000000008c8fb748,0x0000000090900000)
 Metaspace       used 20592K, capacity 21102K, committed 21296K, reserved 1069056K
  class space    used 2429K, capacity 2569K, committed 2688K, reserved 1048576K

