# JRE version: Java(TM) SE Runtime Environment (8.0_91-b14) (build 1.8.0_91-b14)
# Java VM: Java HotSpot(TM) 64-Bit Server VM (25.91-b14 mixed mode linux-amd64 compressed oops)
Heap:
 PSYoungGen      total 81920K, used 8175K [0x00000000e1500000, 0x00000000e6f00000, 0x0000000100000000)
  eden space 73728K, 0% used [0x00000000e1500000,0x00000000e1500000,0x00000000e5d00000)
  from space 8192K, 99% used [0x00000000e5d00000,0x00000000e64fbf90,0x00000000e6500000)
  to   space 6144K, 0% used [0x00000000e6500000,0x00000000e6500000,0x00000000e6b00000)
 ParOldGen       total 64512K, used 24882K [0x00000000a3e00000, 0x00000000a7d00000, 0x00000000e1500000)
  object space 64512K, 38% used [0x00000000a3e00000,0x00000000a564c8c0,0x00000000a7d00000)
 Metaspace       used 20527K, capacity 21090K, committed 21296K, reserved 1069056K
  class space    used 2422K, capacity 2567K, committed 2688K, reserved 1048576K
GC Heap History (10 events):
Event: 5,397 GC heap after
Heap after GC invocations=4 (full 0):
 PSYoungGen      total 28160K, used 3584K [0x00000000e1500000, 0x00000000e4900000, 0x0000000100000000)
  eden space 24576K, 0% used [0x00000000e1500000,0x00000000e1500000,0x00000000e2d00000)
  from space 3584K, 100% used [0x00000000e4580000,0x00000000e4900000,0x00000000e4900000)
  to   space 3584K, 0% used [0x00000000e2d00000,0x00000000e2d00000,0x00000000e3080000)
 ParOldGen       total 64512K, used 5470K [0x00000000a3e00000, 0x00000000a7d00000, 0x00000000e1500000)
  object space 64512K, 8% used [0x00000000a3e00000,0x00000000a4357a18,0x00000000a7d00000)
 Metaspace       used 13438K, capacity 13870K, committed 14080K, reserved 1060864K
  class space    used 1628K, capacity 1735K, committed 1792K, reserved 1048576K
}
Event: 6,821 GC heap before
{Heap before GC invocations=5 (full 0):
 PSYoungGen      total 28160K, used 28160K [0x00000000e1500000, 0x00000000e4900000, 0x0000000100000000)
  eden space 24576K, 100% used [0x00000000e1500000,0x00000000e2d00000,0x00000000e2d00000)
  from space 3584K, 100% used [0x00000000e4580000,0x00000000e4900000,0x00000000e4900000)
  to   space 3584K, 0% used [0x00000000e2d00000,0x00000000e2d00000,0x00000000e3080000)
 ParOldGen       total 64512K, used 5470K [0x00000000a3e00000, 0x00000000a7d00000, 0x00000000e1500000)
  object space 64512K, 8% used [0x00000000a3e00000,0x00000000a4357a18,0x00000000a7d00000)
 Metaspace       used 14034K, capacity 14406K, committed 14720K, reserved 1062912K
  class space    used 1696K, capacity 1807K, committed 1920K, reserved 1048576K
Event: 6,828 GC heap after
Heap after GC invocations=5 (full 0):
 PSYoungGen      total 27648K, used 3552K [0x00000000e1500000, 0x00000000e4600000, 0x0000000100000000)
  eden space 24064K, 0% used [0x00000000e1500000,0x00000000e1500000,0x00000000e2c80000)
  from space 3584K, 99% used [0x00000000e2d00000,0x00000000e3078020,0x00000000e3080000)
  to   space 6144K, 0% used [0x00000000e4000000,0x00000000e4000000,0x00000000e4600000)
 ParOldGen       total 64512K, used 6922K [0x00000000a3e00000, 0x00000000a7d00000, 0x00000000e1500000)
  object space 64512K, 10% used [0x00000000a3e00000,0x00000000a44c2868,0x00000000a7d00000)
 Metaspace       used 14034K, capacity 14406K, committed 14720K, reserved 1062912K
  class space    used 1696K, capacity 1807K, committed 1920K, reserved 1048576K
}
Event: 7,356 GC heap before
{Heap before GC invocations=6 (full 0):
 PSYoungGen      total 27648K, used 27616K [0x00000000e1500000, 0x00000000e4600000, 0x0000000100000000)
  eden space 24064K, 100% used [0x00000000e1500000,0x00000000e2c80000,0x00000000e2c80000)
  from space 3584K, 99% used [0x00000000e2d00000,0x00000000e3078020,0x00000000e3080000)
  to   space 6144K, 0% used [0x00000000e4000000,0x00000000e4000000,0x00000000e4600000)
 ParOldGen       total 64512K, used 6922K [0x00000000a3e00000, 0x00000000a7d00000, 0x00000000e1500000)
  object space 64512K, 10% used [0x00000000a3e00000,0x00000000a44c2868,0x00000000a7d00000)
 Metaspace       used 14445K, capacity 14910K, committed 15232K, reserved 1062912K
  class space    used 1725K, capacity 1847K, committed 1920K, reserved 1048576K
Event: 7,368 GC heap after
Heap after GC invocations=6 (full 0):
 PSYoungGen      total 44032K, used 4924K [0x00000000e1500000, 0x00000000e5000000, 0x0000000100000000)
  eden space 37888K, 0% used [0x00000000e1500000,0x00000000e1500000,0x00000000e3a00000)
  from space 6144K, 80% used [0x00000000e4000000,0x00000000e44cf060,0x00000000e4600000)
  to   space 6144K, 0% used [0x00000000e3a00000,0x00000000e3a00000,0x00000000e4000000)
 ParOldGen       total 64512K, used 6930K [0x00000000a3e00000, 0x00000000a7d00000, 0x00000000e1500000)
  object space 64512K, 10% used [0x00000000a3e00000,0x00000000a44c4868,0x00000000a7d00000)
 Metaspace       used 14445K, capacity 14910K, committed 15232K, reserved 1062912K
  class space    used 1725K, capacity 1847K, committed 1920K, reserved 1048576K
}
Event: 8,510 GC heap before
{Heap before GC invocations=7 (full 0):
 PSYoungGen      total 44032K, used 42812K [0x00000000e1500000, 0x00000000e5000000, 0x0000000100000000)
  eden space 37888K, 100% used [0x00000000e1500000,0x00000000e3a00000,0x00000000e3a00000)
  from space 6144K, 80% used [0x00000000e4000000,0x00000000e44cf060,0x00000000e4600000)
  to   space 6144K, 0% used [0x00000000e3a00000,0x00000000e3a00000,0x00000000e4000000)
 ParOldGen       total 64512K, used 6930K [0x00000000a3e00000, 0x00000000a7d00000, 0x00000000e1500000)
  object space 64512K, 10% used [0x00000000a3e00000,0x00000000a44c4868,0x00000000a7d00000)
 Metaspace       used 18406K, capacity 19010K, committed 19072K, reserved 1067008K
  class space    used 2252K, capacity 2407K, committed 2432K, reserved 1048576K
Event: 8,720 GC heap after
Heap after GC invocations=7 (full 0):
 PSYoungGen      total 44032K, used 5585K [0x00000000e1500000, 0x00000000e6b00000, 0x0000000100000000)
  eden space 37888K, 0% used [0x00000000e1500000,0x00000000e1500000,0x00000000e3a00000)
  from space 6144K, 90% used [0x00000000e3a00000,0x00000000e3f747c0,0x00000000e4000000)
  to   space 6144K, 0% used [0x00000000e6500000,0x00000000e6500000,0x00000000e6b00000)
 ParOldGen       total 64512K, used 8314K [0x00000000a3e00000, 0x00000000a7d00000, 0x00000000e1500000)
  object space 64512K, 12% used [0x00000000a3e00000,0x00000000a461e8b8,0x00000000a7d00000)
 Metaspace       used 18406K, capacity 19010K, committed 19072K, reserved 1067008K
  class space    used 2252K, capacity 2407K, committed 2432K, reserved 1048576K
}
Event: 9,842 GC heap before
{Heap before GC invocations=8 (full 0):
 PSYoungGen      total 44032K, used 43473K [0x00000000e1500000, 0x00000000e6b00000, 0x0000000100000000)
  eden space 37888K, 100% used [0x00000000e1500000,0x00000000e3a00000,0x00000000e3a00000)
  from space 6144K, 90% used [0x00000000e3a00000,0x00000000e3f747c0,0x00000000e4000000)
  to   space 6144K, 0% used [0x00000000e6500000,0x00000000e6500000,0x00000000e6b00000)
 ParOldGen       total 64512K, used 8314K [0x00000000a3e00000, 0x00000000a7d00000, 0x00000000e1500000)
  object space 64512K, 12% used [0x00000000a3e00000,0x00000000a461e8b8,0x00000000a7d00000)
 Metaspace       used 18877K, capacity 19490K, committed 19712K, reserved 1067008K
  class space    used 2278K, capacity 2439K, committed 2560K, reserved 1048576K
Event: 9,853 GC heap after
Heap after GC invocations=8 (full 0):
 PSYoungGen      total 79872K, used 6138K [0x00000000e1500000, 0x00000000e6f00000, 0x0000000100000000)
  eden space 73728K, 0% used [0x00000000e1500000,0x00000000e1500000,0x00000000e5d00000)
  from space 6144K, 99% used [0x00000000e6500000,0x00000000e6afe9f0,0x00000000e6b00000)
  to   space 8192K, 0% used [0x00000000e5d00000,0x00000000e5d00000,0x00000000e6500000)
 ParOldGen       total 64512K, used 11369K [0x00000000a3e00000, 0x00000000a7d00000, 0x00000000e1500000)
  object space 64512K, 17% used [0x00000000a3e00000,0x00000000a491a408,0x00000000a7d00000)
 Metaspace       used 18877K, capacity 19490K, committed 19712K, reserved 1067008K
  class space    used 2278K, capacity 2439K, committed 2560K, reserved 1048576K
}
Event: 11,809 GC heap before
{Heap before GC invocations=9 (full 0):
 PSYoungGen      total 79872K, used 75559K [0x00000000e1500000, 0x00000000e6f00000, 0x0000000100000000)
  eden space 73728K, 94% used [0x00000000e1500000,0x00000000e58cb2a0,0x00000000e5d00000)
  from space 6144K, 99% used [0x00000000e6500000,0x00000000e6afe9f0,0x00000000e6b00000)
  to   space 8192K, 0% used [0x00000000e5d00000,0x00000000e5d00000,0x00000000e6500000)
 ParOldGen       total 64512K, used 11369K [0x00000000a3e00000, 0x00000000a7d00000, 0x00000000e1500000)
  object space 64512K, 17% used [0x00000000a3e00000,0x00000000a491a408,0x00000000a7d00000)
 Metaspace       used 20527K, capacity 21090K, committed 21296K, reserved 1069056K
  class space    used 2422K, capacity 2567K, committed 2688K, reserved 1048576K

