# JRE version: Java(TM) SE Runtime Environment (8.0_91-b14) (build 1.8.0_91-b14)
# Java VM: Java HotSpot(TM) 64-Bit Server VM (25.91-b14 mixed mode linux-amd64 compressed oops)
Heap:
 PSYoungGen      total 134656K, used 11558K [0x00000000d9380000, 0x00000000e2c80000, 0x0000000100000000)
  eden space 117248K, 0% used [0x00000000d9380000,0x00000000d9380000,0x00000000e0600000)
  from space 17408K, 66% used [0x00000000e0600000,0x00000000e1149980,0x00000000e1700000)
  to   space 12800K, 0% used [0x00000000e1700000,0x00000000e1700000,0x00000000e2380000)
 ParOldGen       total 80896K, used 24945K [0x000000008ba00000, 0x0000000090900000, 0x00000000d9380000)
  object space 80896K, 30% used [0x000000008ba00000,0x000000008d25c458,0x0000000090900000)
 Metaspace       used 20583K, capacity 21102K, committed 21296K, reserved 1069056K
  class space    used 2424K, capacity 2569K, committed 2688K, reserved 1048576K
GC Heap History (10 events):
Event: 5,313 GC heap after
Heap after GC invocations=4 (full 0):
 PSYoungGen      total 35328K, used 4592K [0x00000000d9380000, 0x00000000dba80000, 0x0000000100000000)
  eden space 30720K, 0% used [0x00000000d9380000,0x00000000d9380000,0x00000000db180000)
  from space 4608K, 99% used [0x00000000db600000,0x00000000dba7c010,0x00000000dba80000)
  to   space 4608K, 0% used [0x00000000db180000,0x00000000db180000,0x00000000db600000)
 ParOldGen       total 80896K, used 5262K [0x000000008ba00000, 0x0000000090900000, 0x00000000d9380000)
  object space 80896K, 6% used [0x000000008ba00000,0x000000008bf23ac0,0x0000000090900000)
 Metaspace       used 13990K, capacity 14418K, committed 14720K, reserved 1062912K
  class space    used 1694K, capacity 1809K, committed 1920K, reserved 1048576K
}
Event: 5,814 GC heap before
{Heap before GC invocations=5 (full 0):
 PSYoungGen      total 35328K, used 35312K [0x00000000d9380000, 0x00000000dba80000, 0x0000000100000000)
  eden space 30720K, 100% used [0x00000000d9380000,0x00000000db180000,0x00000000db180000)
  from space 4608K, 99% used [0x00000000db600000,0x00000000dba7c010,0x00000000dba80000)
  to   space 4608K, 0% used [0x00000000db180000,0x00000000db180000,0x00000000db600000)
 ParOldGen       total 80896K, used 5262K [0x000000008ba00000, 0x0000000090900000, 0x00000000d9380000)
  object space 80896K, 6% used [0x000000008ba00000,0x000000008bf23ac0,0x0000000090900000)
 Metaspace       used 14417K, capacity 14922K, committed 15232K, reserved 1062912K
  class space    used 1723K, capacity 1849K, committed 1920K, reserved 1048576K
Event: 5,829 GC heap after
Heap after GC invocations=5 (full 0):
 PSYoungGen      total 35328K, used 4592K [0x00000000d9380000, 0x00000000ddd80000, 0x0000000100000000)
  eden space 30720K, 0% used [0x00000000d9380000,0x00000000d9380000,0x00000000db180000)
  from space 4608K, 99% used [0x00000000db180000,0x00000000db5fc010,0x00000000db600000)
  to   space 7168K, 0% used [0x00000000dd680000,0x00000000dd680000,0x00000000ddd80000)
 ParOldGen       total 80896K, used 6687K [0x000000008ba00000, 0x0000000090900000, 0x00000000d9380000)
  object space 80896K, 8% used [0x000000008ba00000,0x000000008c087c98,0x0000000090900000)
 Metaspace       used 14417K, capacity 14922K, committed 15232K, reserved 1062912K
  class space    used 1723K, capacity 1849K, committed 1920K, reserved 1048576K
}
Event: 7,323 GC heap before
{Heap before GC invocations=6 (full 0):
 PSYoungGen      total 35328K, used 35312K [0x00000000d9380000, 0x00000000ddd80000, 0x0000000100000000)
  eden space 30720K, 100% used [0x00000000d9380000,0x00000000db180000,0x00000000db180000)
  from space 4608K, 99% used [0x00000000db180000,0x00000000db5fc010,0x00000000db600000)
  to   space 7168K, 0% used [0x00000000dd680000,0x00000000dd680000,0x00000000ddd80000)
 ParOldGen       total 80896K, used 6687K [0x000000008ba00000, 0x0000000090900000, 0x00000000d9380000)
  object space 80896K, 8% used [0x000000008ba00000,0x000000008c087c98,0x0000000090900000)
 Metaspace       used 18393K, capacity 18958K, committed 19072K, reserved 1067008K
  class space    used 2249K, capacity 2409K, committed 2432K, reserved 1048576K
Event: 7,334 GC heap after
Heap after GC invocations=6 (full 0):
 PSYoungGen      total 68096K, used 6884K [0x00000000d9380000, 0x00000000dde80000, 0x0000000100000000)
  eden space 60928K, 0% used [0x00000000d9380000,0x00000000d9380000,0x00000000dcf00000)
  from space 7168K, 96% used [0x00000000dd680000,0x00000000ddd393e8,0x00000000ddd80000)
  to   space 7680K, 0% used [0x00000000dcf00000,0x00000000dcf00000,0x00000000dd680000)
 ParOldGen       total 80896K, used 6695K [0x000000008ba00000, 0x0000000090900000, 0x00000000d9380000)
  object space 80896K, 8% used [0x000000008ba00000,0x000000008c089c98,0x0000000090900000)
 Metaspace       used 18393K, capacity 18958K, committed 19072K, reserved 1067008K
  class space    used 2249K, capacity 2409K, committed 2432K, reserved 1048576K
}
Event: 9,355 GC heap before
{Heap before GC invocations=7 (full 0):
 PSYoungGen      total 68096K, used 67812K [0x00000000d9380000, 0x00000000dde80000, 0x0000000100000000)
  eden space 60928K, 100% used [0x00000000d9380000,0x00000000dcf00000,0x00000000dcf00000)
  from space 7168K, 96% used [0x00000000dd680000,0x00000000ddd393e8,0x00000000ddd80000)
  to   space 7680K, 0% used [0x00000000dcf00000,0x00000000dcf00000,0x00000000dd680000)
 ParOldGen       total 80896K, used 6695K [0x000000008ba00000, 0x0000000090900000, 0x00000000d9380000)
  object space 80896K, 8% used [0x000000008ba00000,0x000000008c089c98,0x0000000090900000)
 Metaspace       used 19029K, capacity 19566K, committed 19712K, reserved 1067008K
  class space    used 2287K, capacity 2441K, committed 2560K, reserved 1048576K
Event: 9,470 GC heap after
Heap after GC invocations=7 (full 0):
 PSYoungGen      total 68608K, used 7669K [0x00000000d9380000, 0x00000000e2380000, 0x0000000100000000)
  eden space 60928K, 0% used [0x00000000d9380000,0x00000000d9380000,0x00000000dcf00000)
  from space 7680K, 99% used [0x00000000dcf00000,0x00000000dd67d700,0x00000000dd680000)
  to   space 12800K, 0% used [0x00000000e1700000,0x00000000e1700000,0x00000000e2380000)
 ParOldGen       total 80896K, used 16369K [0x000000008ba00000, 0x0000000090900000, 0x00000000d9380000)
  object space 80896K, 20% used [0x000000008ba00000,0x000000008c9fc5d0,0x0000000090900000)
 Metaspace       used 19029K, capacity 19566K, committed 19712K, reserved 1067008K
  class space    used 2287K, capacity 2441K, committed 2560K, reserved 1048576K
}
Event: 10,260 GC heap before
{Heap before GC invocations=8 (full 0):
 PSYoungGen      total 68608K, used 68597K [0x00000000d9380000, 0x00000000e2380000, 0x0000000100000000)
  eden space 60928K, 100% used [0x00000000d9380000,0x00000000dcf00000,0x00000000dcf00000)
  from space 7680K, 99% used [0x00000000dcf00000,0x00000000dd67d700,0x00000000dd680000)
  to   space 12800K, 0% used [0x00000000e1700000,0x00000000e1700000,0x00000000e2380000)
 ParOldGen       total 80896K, used 16369K [0x000000008ba00000, 0x0000000090900000, 0x00000000d9380000)
  object space 80896K, 20% used [0x000000008ba00000,0x000000008c9fc5d0,0x0000000090900000)
 Metaspace       used 19876K, capacity 20430K, committed 20736K, reserved 1067008K
  class space    used 2322K, capacity 2473K, committed 2560K, reserved 1048576K
Event: 10,286 GC heap after
Heap after GC invocations=8 (full 0):
 PSYoungGen      total 130048K, used 12777K [0x00000000d9380000, 0x00000000e2c80000, 0x0000000100000000)
  eden space 117248K, 0% used [0x00000000d9380000,0x00000000d9380000,0x00000000e0600000)
  from space 12800K, 99% used [0x00000000e1700000,0x00000000e237a578,0x00000000e2380000)
  to   space 17408K, 0% used [0x00000000e0600000,0x00000000e0600000,0x00000000e1700000)
 ParOldGen       total 80896K, used 23159K [0x000000008ba00000, 0x0000000090900000, 0x00000000d9380000)
  object space 80896K, 28% used [0x000000008ba00000,0x000000008d09de68,0x0000000090900000)
 Metaspace       used 19876K, capacity 20430K, committed 20736K, reserved 1067008K
  class space    used 2322K, capacity 2473K, committed 2560K, reserved 1048576K
}
Event: 10,491 GC heap before
{Heap before GC invocations=9 (full 0):
 PSYoungGen      total 130048K, used 19839K [0x00000000d9380000, 0x00000000e2c80000, 0x0000000100000000)
  eden space 117248K, 6% used [0x00000000d9380000,0x00000000d9a65a48,0x00000000e0600000)
  from space 12800K, 99% used [0x00000000e1700000,0x00000000e237a578,0x00000000e2380000)
  to   space 17408K, 0% used [0x00000000e0600000,0x00000000e0600000,0x00000000e1700000)
 ParOldGen       total 80896K, used 23159K [0x000000008ba00000, 0x0000000090900000, 0x00000000d9380000)
  object space 80896K, 28% used [0x000000008ba00000,0x000000008d09de68,0x0000000090900000)
 Metaspace       used 20583K, capacity 21102K, committed 21296K, reserved 1069056K
  class space    used 2424K, capacity 2569K, committed 2688K, reserved 1048576K

