# JRE version: Java(TM) SE Runtime Environment (8.0_91-b14) (build 1.8.0_91-b14)
# Java VM: Java HotSpot(TM) 64-Bit Server VM (25.91-b14 mixed mode linux-amd64 compressed oops)
Heap:
 PSYoungGen      total 118784K, used 9721K [0x00000000dc900000, 0x00000000e4800000, 0x0000000100000000)
  eden space 109056K, 0% used [0x00000000dc900000,0x00000000dc900000,0x00000000e3380000)
  from space 9728K, 99% used [0x00000000e3380000,0x00000000e3cfe460,0x00000000e3d00000)
  to   space 8192K, 0% used [0x00000000e3d00000,0x00000000e3d00000,0x00000000e4500000)
 ParOldGen       total 73728K, used 22544K [0x0000000095a00000, 0x000000009a200000, 0x00000000dc900000)
  object space 73728K, 30% used [0x0000000095a00000,0x0000000097004240,0x000000009a200000)
 Metaspace       used 20571K, capacity 21090K, committed 21296K, reserved 1069056K
  class space    used 2420K, capacity 2567K, committed 2688K, reserved 1048576K
GC Heap History (10 events):
Event: 1,702 GC heap after
Heap after GC invocations=2 (full 0):
 PSYoungGen      total 32256K, used 4578K [0x00000000dc900000, 0x00000000e0800000, 0x0000000100000000)
  eden space 27648K, 0% used [0x00000000dc900000,0x00000000dc900000,0x00000000de400000)
  from space 4608K, 99% used [0x00000000de880000,0x00000000decf8ba0,0x00000000ded00000)
  to   space 4608K, 0% used [0x00000000de400000,0x00000000de400000,0x00000000de880000)
 ParOldGen       total 73728K, used 1244K [0x0000000095a00000, 0x000000009a200000, 0x00000000dc900000)
  object space 73728K, 1% used [0x0000000095a00000,0x0000000095b37340,0x000000009a200000)
 Metaspace       used 11552K, capacity 11840K, committed 12160K, reserved 1060864K
  class space    used 1453K, capacity 1555K, committed 1664K, reserved 1048576K
}
Event: 2,309 GC heap before
{Heap before GC invocations=3 (full 0):
 PSYoungGen      total 32256K, used 32226K [0x00000000dc900000, 0x00000000e0800000, 0x0000000100000000)
  eden space 27648K, 100% used [0x00000000dc900000,0x00000000de400000,0x00000000de400000)
  from space 4608K, 99% used [0x00000000de880000,0x00000000decf8ba0,0x00000000ded00000)
  to   space 4608K, 0% used [0x00000000de400000,0x00000000de400000,0x00000000de880000)
 ParOldGen       total 73728K, used 1244K [0x0000000095a00000, 0x000000009a200000, 0x00000000dc900000)
  object space 73728K, 1% used [0x0000000095a00000,0x0000000095b37340,0x000000009a200000)
 Metaspace       used 13254K, capacity 13552K, committed 13824K, reserved 1060864K
  class space    used 1617K, capacity 1698K, committed 1792K, reserved 1048576K
Event: 2,329 GC heap after
Heap after GC invocations=3 (full 0):
 PSYoungGen      total 32256K, used 4592K [0x00000000dc900000, 0x00000000e0800000, 0x0000000100000000)
  eden space 27648K, 0% used [0x00000000dc900000,0x00000000dc900000,0x00000000de400000)
  from space 4608K, 99% used [0x00000000de400000,0x00000000de87c030,0x00000000de880000)
  to   space 4608K, 0% used [0x00000000e0380000,0x00000000e0380000,0x00000000e0800000)
 ParOldGen       total 73728K, used 2724K [0x0000000095a00000, 0x000000009a200000, 0x00000000dc900000)
  object space 73728K, 3% used [0x0000000095a00000,0x0000000095ca93d0,0x000000009a200000)
 Metaspace       used 13254K, capacity 13552K, committed 13824K, reserved 1060864K
  class space    used 1617K, capacity 1698K, committed 1792K, reserved 1048576K
}
Event: 2,872 GC heap before
{Heap before GC invocations=4 (full 0):
 PSYoungGen      total 32256K, used 32240K [0x00000000dc900000, 0x00000000e0800000, 0x0000000100000000)
  eden space 27648K, 100% used [0x00000000dc900000,0x00000000de400000,0x00000000de400000)
  from space 4608K, 99% used [0x00000000de400000,0x00000000de87c030,0x00000000de880000)
  to   space 4608K, 0% used [0x00000000e0380000,0x00000000e0380000,0x00000000e0800000)
 ParOldGen       total 73728K, used 2724K [0x0000000095a00000, 0x000000009a200000, 0x00000000dc900000)
  object space 73728K, 3% used [0x0000000095a00000,0x0000000095ca93d0,0x000000009a200000)
 Metaspace       used 13560K, capacity 13934K, committed 14080K, reserved 1060864K
  class space    used 1642K, capacity 1735K, committed 1792K, reserved 1048576K
Event: 2,886 GC heap after
Heap after GC invocations=4 (full 0):
 PSYoungGen      total 59904K, used 4576K [0x00000000dc900000, 0x00000000e0800000, 0x0000000100000000)
  eden space 55296K, 0% used [0x00000000dc900000,0x00000000dc900000,0x00000000dff00000)
  from space 4608K, 99% used [0x00000000e0380000,0x00000000e07f8020,0x00000000e0800000)
  to   space 4608K, 0% used [0x00000000dff00000,0x00000000dff00000,0x00000000e0380000)
 ParOldGen       total 73728K, used 3828K [0x0000000095a00000, 0x000000009a200000, 0x00000000dc900000)
  object space 73728K, 5% used [0x0000000095a00000,0x0000000095dbd108,0x000000009a200000)
 Metaspace       used 13560K, capacity 13934K, committed 14080K, reserved 1060864K
  class space    used 1642K, capacity 1735K, committed 1792K, reserved 1048576K
}
Event: 3,805 GC heap before
{Heap before GC invocations=5 (full 0):
 PSYoungGen      total 59904K, used 59872K [0x00000000dc900000, 0x00000000e0800000, 0x0000000100000000)
  eden space 55296K, 100% used [0x00000000dc900000,0x00000000dff00000,0x00000000dff00000)
  from space 4608K, 99% used [0x00000000e0380000,0x00000000e07f8020,0x00000000e0800000)
  to   space 4608K, 0% used [0x00000000dff00000,0x00000000dff00000,0x00000000e0380000)
 ParOldGen       total 73728K, used 3828K [0x0000000095a00000, 0x000000009a200000, 0x00000000dc900000)
  object space 73728K, 5% used [0x0000000095a00000,0x0000000095dbd108,0x000000009a200000)
 Metaspace       used 14816K, capacity 15342K, committed 15488K, reserved 1062912K
  class space    used 1752K, capacity 1887K, committed 1920K, reserved 1048576K
Event: 3,817 GC heap after
Heap after GC invocations=5 (full 0):
 PSYoungGen      total 59904K, used 4592K [0x00000000dc900000, 0x00000000e4500000, 0x0000000100000000)
  eden space 55296K, 0% used [0x00000000dc900000,0x00000000dc900000,0x00000000dff00000)
  from space 4608K, 99% used [0x00000000dff00000,0x00000000e037c010,0x00000000e0380000)
  to   space 8192K, 0% used [0x00000000e3d00000,0x00000000e3d00000,0x00000000e4500000)
 ParOldGen       total 73728K, used 6741K [0x0000000095a00000, 0x000000009a200000, 0x00000000dc900000)
  object space 73728K, 9% used [0x0000000095a00000,0x0000000096095628,0x000000009a200000)
 Metaspace       used 14816K, capacity 15342K, committed 15488K, reserved 1062912K
  class space    used 1752K, capacity 1887K, committed 1920K, reserved 1048576K
}
Event: 4,858 GC heap before
{Heap before GC invocations=6 (full 0):
 PSYoungGen      total 59904K, used 59888K [0x00000000dc900000, 0x00000000e4500000, 0x0000000100000000)
  eden space 55296K, 100% used [0x00000000dc900000,0x00000000dff00000,0x00000000dff00000)
  from space 4608K, 99% used [0x00000000dff00000,0x00000000e037c010,0x00000000e0380000)
  to   space 8192K, 0% used [0x00000000e3d00000,0x00000000e3d00000,0x00000000e4500000)
 ParOldGen       total 73728K, used 6741K [0x0000000095a00000, 0x000000009a200000, 0x00000000dc900000)
  object space 73728K, 9% used [0x0000000095a00000,0x0000000096095628,0x000000009a200000)
 Metaspace       used 18434K, capacity 19010K, committed 19072K, reserved 1067008K
  class space    used 2256K, capacity 2407K, committed 2432K, reserved 1048576K
Event: 4,877 GC heap after
Heap after GC invocations=6 (full 0):
 PSYoungGen      total 117248K, used 8160K [0x00000000dc900000, 0x00000000e4800000, 0x0000000100000000)
  eden space 109056K, 0% used [0x00000000dc900000,0x00000000dc900000,0x00000000e3380000)
  from space 8192K, 99% used [0x00000000e3d00000,0x00000000e44f8168,0x00000000e4500000)
  to   space 9728K, 0% used [0x00000000e3380000,0x00000000e3380000,0x00000000e3d00000)
 ParOldGen       total 73728K, used 7531K [0x0000000095a00000, 0x000000009a200000, 0x00000000dc900000)
  object space 73728K, 10% used [0x0000000095a00000,0x000000009615acb8,0x000000009a200000)
 Metaspace       used 18434K, capacity 19010K, committed 19072K, reserved 1067008K
  class space    used 2256K, capacity 2407K, committed 2432K, reserved 1048576K
}
Event: 6,307 GC heap before
{Heap before GC invocations=7 (full 0):
 PSYoungGen      total 117248K, used 88596K [0x00000000dc900000, 0x00000000e4800000, 0x0000000100000000)
  eden space 109056K, 73% used [0x00000000dc900000,0x00000000e178d1d8,0x00000000e3380000)
  from space 8192K, 99% used [0x00000000e3d00000,0x00000000e44f8168,0x00000000e4500000)
  to   space 9728K, 0% used [0x00000000e3380000,0x00000000e3380000,0x00000000e3d00000)
 ParOldGen       total 73728K, used 7531K [0x0000000095a00000, 0x000000009a200000, 0x00000000dc900000)
  object space 73728K, 10% used [0x0000000095a00000,0x000000009615acb8,0x000000009a200000)
 Metaspace       used 20571K, capacity 21090K, committed 21296K, reserved 1069056K
  class space    used 2420K, capacity 2567K, committed 2688K, reserved 1048576K

