# JRE version: Java(TM) SE Runtime Environment (8.0_91-b14) (build 1.8.0_91-b14)
# Java VM: Java HotSpot(TM) 64-Bit Server VM (25.91-b14 mixed mode linux-amd64 compressed oops)
Heap:
 PSYoungGen      total 119808K, used 9954K [0x00000000dc900000, 0x00000000e5400000, 0x0000000100000000)
  eden space 103936K, 0% used [0x00000000dc900000,0x00000000dc900000,0x00000000e2e80000)
  from space 15872K, 62% used [0x00000000e2e80000,0x00000000e3838ab8,0x00000000e3e00000)
  to   space 9216K, 0% used [0x00000000e3e00000,0x00000000e3e00000,0x00000000e4700000)
 ParOldGen       total 73728K, used 22770K [0x0000000095a00000, 0x000000009a200000, 0x00000000dc900000)
  object space 73728K, 30% used [0x0000000095a00000,0x000000009703c918,0x000000009a200000)
 Metaspace       used 20560K, capacity 21090K, committed 21296K, reserved 1069056K
  class space    used 2421K, capacity 2567K, committed 2688K, reserved 1048576K
GC Heap History (10 events):
Event: 4,434 GC heap after
Heap after GC invocations=4 (full 0):
 PSYoungGen      total 32256K, used 4592K [0x00000000dc900000, 0x00000000e0800000, 0x0000000100000000)
  eden space 27648K, 0% used [0x00000000dc900000,0x00000000dc900000,0x00000000de400000)
  from space 4608K, 99% used [0x00000000de880000,0x00000000decfc010,0x00000000ded00000)
  to   space 4608K, 0% used [0x00000000de400000,0x00000000de400000,0x00000000de880000)
 ParOldGen       total 73728K, used 3730K [0x0000000095a00000, 0x000000009a200000, 0x00000000dc900000)
  object space 73728K, 5% used [0x0000000095a00000,0x0000000095da4920,0x000000009a200000)
 Metaspace       used 13594K, capacity 13934K, committed 14080K, reserved 1060864K
  class space    used 1643K, capacity 1735K, committed 1792K, reserved 1048576K
}
Event: 5,442 GC heap before
{Heap before GC invocations=5 (full 0):
 PSYoungGen      total 32256K, used 32231K [0x00000000dc900000, 0x00000000e0800000, 0x0000000100000000)
  eden space 27648K, 99% used [0x00000000dc900000,0x00000000de3fdd48,0x00000000de400000)
  from space 4608K, 99% used [0x00000000de880000,0x00000000decfc010,0x00000000ded00000)
  to   space 4608K, 0% used [0x00000000de400000,0x00000000de400000,0x00000000de880000)
 ParOldGen       total 73728K, used 3730K [0x0000000095a00000, 0x000000009a200000, 0x00000000dc900000)
  object space 73728K, 5% used [0x0000000095a00000,0x0000000095da4920,0x000000009a200000)
 Metaspace       used 14323K, capacity 14782K, committed 14976K, reserved 1062912K
  class space    used 1724K, capacity 1847K, committed 1920K, reserved 1048576K
Event: 5,455 GC heap after
Heap after GC invocations=5 (full 0):
 PSYoungGen      total 32256K, used 4592K [0x00000000dc900000, 0x00000000e0d00000, 0x0000000100000000)
  eden space 27648K, 0% used [0x00000000dc900000,0x00000000dc900000,0x00000000de400000)
  from space 4608K, 99% used [0x00000000de400000,0x00000000de87c010,0x00000000de880000)
  to   space 7168K, 0% used [0x00000000e0600000,0x00000000e0600000,0x00000000e0d00000)
 ParOldGen       total 73728K, used 5306K [0x0000000095a00000, 0x000000009a200000, 0x00000000dc900000)
  object space 73728K, 7% used [0x0000000095a00000,0x0000000095f2e9a0,0x000000009a200000)
 Metaspace       used 14323K, capacity 14782K, committed 14976K, reserved 1062912K
  class space    used 1724K, capacity 1847K, committed 1920K, reserved 1048576K
}
Event: 5,975 GC heap before
{Heap before GC invocations=6 (full 0):
 PSYoungGen      total 32256K, used 32240K [0x00000000dc900000, 0x00000000e0d00000, 0x0000000100000000)
  eden space 27648K, 100% used [0x00000000dc900000,0x00000000de400000,0x00000000de400000)
  from space 4608K, 99% used [0x00000000de400000,0x00000000de87c010,0x00000000de880000)
  to   space 7168K, 0% used [0x00000000e0600000,0x00000000e0600000,0x00000000e0d00000)
 ParOldGen       total 73728K, used 5306K [0x0000000095a00000, 0x000000009a200000, 0x00000000dc900000)
  object space 73728K, 7% used [0x0000000095a00000,0x0000000095f2e9a0,0x000000009a200000)
 Metaspace       used 14719K, capacity 15214K, committed 15488K, reserved 1062912K
  class space    used 1748K, capacity 1887K, committed 1920K, reserved 1048576K
Event: 6,001 GC heap after
Heap after GC invocations=6 (full 0):
 PSYoungGen      total 62464K, used 6027K [0x00000000dc900000, 0x00000000e0d00000, 0x0000000100000000)
  eden space 55296K, 0% used [0x00000000dc900000,0x00000000dc900000,0x00000000dff00000)
  from space 7168K, 84% used [0x00000000e0600000,0x00000000e0be2ed8,0x00000000e0d00000)
  to   space 7168K, 0% used [0x00000000dff00000,0x00000000dff00000,0x00000000e0600000)
 ParOldGen       total 73728K, used 5306K [0x0000000095a00000, 0x000000009a200000, 0x00000000dc900000)
  object space 73728K, 7% used [0x0000000095a00000,0x0000000095f2e9a0,0x000000009a200000)
 Metaspace       used 14719K, capacity 15214K, committed 15488K, reserved 1062912K
  class space    used 1748K, capacity 1887K, committed 1920K, reserved 1048576K
}
Event: 9,286 GC heap before
{Heap before GC invocations=7 (full 0):
 PSYoungGen      total 62464K, used 61323K [0x00000000dc900000, 0x00000000e0d00000, 0x0000000100000000)
  eden space 55296K, 100% used [0x00000000dc900000,0x00000000dff00000,0x00000000dff00000)
  from space 7168K, 84% used [0x00000000e0600000,0x00000000e0be2ed8,0x00000000e0d00000)
  to   space 7168K, 0% used [0x00000000dff00000,0x00000000dff00000,0x00000000e0600000)
 ParOldGen       total 73728K, used 5306K [0x0000000095a00000, 0x000000009a200000, 0x00000000dc900000)
  object space 73728K, 7% used [0x0000000095a00000,0x0000000095f2e9a0,0x000000009a200000)
 Metaspace       used 18420K, capacity 18946K, committed 19072K, reserved 1067008K
  class space    used 2257K, capacity 2407K, committed 2432K, reserved 1048576K
Event: 9,369 GC heap after
Heap after GC invocations=7 (full 0):
 PSYoungGen      total 62464K, used 7158K [0x00000000dc900000, 0x00000000e4700000, 0x0000000100000000)
  eden space 55296K, 0% used [0x00000000dc900000,0x00000000dc900000,0x00000000dff00000)
  from space 7168K, 99% used [0x00000000dff00000,0x00000000e05fd980,0x00000000e0600000)
  to   space 9216K, 0% used [0x00000000e3e00000,0x00000000e3e00000,0x00000000e4700000)
 ParOldGen       total 73728K, used 8013K [0x0000000095a00000, 0x000000009a200000, 0x00000000dc900000)
  object space 73728K, 10% used [0x0000000095a00000,0x00000000961d36f8,0x000000009a200000)
 Metaspace       used 18420K, capacity 18946K, committed 19072K, reserved 1067008K
  class space    used 2257K, capacity 2407K, committed 2432K, reserved 1048576K
}
Event: 12,849 GC heap before
{Heap before GC invocations=8 (full 0):
 PSYoungGen      total 62464K, used 62454K [0x00000000dc900000, 0x00000000e4700000, 0x0000000100000000)
  eden space 55296K, 100% used [0x00000000dc900000,0x00000000dff00000,0x00000000dff00000)
  from space 7168K, 99% used [0x00000000dff00000,0x00000000e05fd980,0x00000000e0600000)
  to   space 9216K, 0% used [0x00000000e3e00000,0x00000000e3e00000,0x00000000e4700000)
 ParOldGen       total 73728K, used 8013K [0x0000000095a00000, 0x000000009a200000, 0x00000000dc900000)
  object space 73728K, 10% used [0x0000000095a00000,0x00000000961d36f8,0x000000009a200000)
 Metaspace       used 19407K, capacity 19938K, committed 20224K, reserved 1067008K
  class space    used 2305K, capacity 2439K, committed 2560K, reserved 1048576K
Event: 12,915 GC heap after
Heap after GC invocations=8 (full 0):
 PSYoungGen      total 113152K, used 9187K [0x00000000dc900000, 0x00000000e5400000, 0x0000000100000000)
  eden space 103936K, 0% used [0x00000000dc900000,0x00000000dc900000,0x00000000e2e80000)
  from space 9216K, 99% used [0x00000000e3e00000,0x00000000e46f8d60,0x00000000e4700000)
  to   space 15872K, 0% used [0x00000000e2e80000,0x00000000e2e80000,0x00000000e3e00000)
 ParOldGen       total 73728K, used 20810K [0x0000000095a00000, 0x000000009a200000, 0x00000000dc900000)
  object space 73728K, 28% used [0x0000000095a00000,0x0000000096e528f8,0x000000009a200000)
 Metaspace       used 19407K, capacity 19938K, committed 20224K, reserved 1067008K
  class space    used 2305K, capacity 2439K, committed 2560K, reserved 1048576K
}
Event: 15,348 GC heap before
{Heap before GC invocations=9 (full 0):
 PSYoungGen      total 113152K, used 37101K [0x00000000dc900000, 0x00000000e5400000, 0x0000000100000000)
  eden space 103936K, 26% used [0x00000000dc900000,0x00000000de442920,0x00000000e2e80000)
  from space 9216K, 99% used [0x00000000e3e00000,0x00000000e46f8d60,0x00000000e4700000)
  to   space 15872K, 0% used [0x00000000e2e80000,0x00000000e2e80000,0x00000000e3e00000)
 ParOldGen       total 73728K, used 20810K [0x0000000095a00000, 0x000000009a200000, 0x00000000dc900000)
  object space 73728K, 28% used [0x0000000095a00000,0x0000000096e528f8,0x000000009a200000)
 Metaspace       used 20560K, capacity 21090K, committed 21296K, reserved 1069056K
  class space    used 2421K, capacity 2567K, committed 2688K, reserved 1048576K

